<?xml version="1.0" encoding="UTF-8"?>
<!-- Generated by org.testng.reporters.JUnitXMLReporter -->
<testsuite ignored="0" hostname="DESKTOP-4UKIBT8" failures="2" tests="2" name="TestBox" time="64.725" errors="0" timestamp="2024-03-14T21:22:36 IST">
  <testcase classname="elements_Test.TC0001_TextBox_Test" name="testBox_Data" time="16.674">
    <failure type="java.lang.AssertionError" message="expected [true] but found [false]">
      <![CDATA[java.lang.AssertionError: expected [true] but found [false]
at pages.elements.TC0001_TextBox_Page.textbox_fill_The_Form_And_Print(TC0001_TextBox_Page.java:102)
at elements_Test.TC0001_TextBox_Test.testBox_Data(TC0001_TextBox_Test.java:29)
at java.base/java.util.ArrayList.forEach(ArrayList.java:1511)
... Removed 31 stack frames]]>
    </failure>
  </testcase> <!-- testBox_Data -->
  <testcase classname="elements_Test.TC0001_TextBox_Test" name="testBox_Data" time="18.192">
    <failure type="java.lang.AssertionError" message="expected [true] but found [false]">
      <![CDATA[java.lang.AssertionError: expected [true] but found [false]
at pages.elements.TC0001_TextBox_Page.textbox_fill_The_Form_And_Print(TC0001_TextBox_Page.java:102)
at elements_Test.TC0001_TextBox_Test.testBox_Data(TC0001_TextBox_Test.java:29)
at java.base/java.util.ArrayList.forEach(ArrayList.java:1511)
... Removed 31 stack frames]]>
    </failure>
  </testcase> <!-- testBox_Data -->
</testsuite> <!-- TestBox -->
